2019-03-24 15:36:38 3820 [Note] Plugin 'FEDERATED' is disabled.
2019-03-24 15:36:39 3820 [Note] InnoDB: The InnoDB memory heap is disabled
2019-03-24 15:36:39 3820 [Note] InnoDB: Mutexes and rw_locks use Windows interlocked functions
2019-03-24 15:36:39 3820 [Note] InnoDB: Compressed tables use zlib 1.2.3
2019-03-24 15:36:39 3820 [Note] InnoDB: Not using CPU crc32 instructions
2019-03-24 15:36:39 3820 [Note] InnoDB: Initializing buffer pool, size = 128.0M
2019-03-24 15:36:39 3820 [Note] InnoDB: Completed initialization of buffer pool
2019-03-24 15:36:40 3820 [Note] InnoDB: Highest supported file format is Barracuda.
2019-03-24 15:36:40 3820 [Note] InnoDB: The log sequence numbers 1626134 and 1626134 in ibdata files do not match the log sequence number 2248320 in the ib_logfiles!
2019-03-24 15:36:40 3820 [Note] InnoDB: Database was not shutdown normally!
2019-03-24 15:36:40 3820 [Note] InnoDB: Starting crash recovery.
2019-03-24 15:36:40 3820 [Note] InnoDB: Reading tablespace information from the .ibd files...
2019-03-24 15:36:40 3820 [Note] InnoDB: Restoring possible half-written data pages 
2019-03-24 15:36:40 3820 [Note] InnoDB: from the doublewrite buffer...
2019-03-24 15:36:42 3820 [Note] InnoDB: 128 rollback segment(s) are active.
2019-03-24 15:36:42 3820 [Note] InnoDB: Waiting for purge to start
2019-03-24 15:36:42 3820 [Note] InnoDB: 5.6.13 started; log sequence number 2248320
2019-03-24 15:36:42 3820 [Note] Server hostname (bind-address): '*'; port: 3307
2019-03-24 15:36:42 3820 [Note] IPv6 is available.
2019-03-24 15:36:42 3820 [Note]   - '::' resolves to '::';
2019-03-24 15:36:42 3820 [Note] Server socket created on IP: '::'.
2019-03-24 17:11:09 8148 [Note] Plugin 'FEDERATED' is disabled.
2019-03-24 17:11:09 8148 [Note] InnoDB: The InnoDB memory heap is disabled
2019-03-24 17:11:09 8148 [Note] InnoDB: Mutexes and rw_locks use Windows interlocked functions
2019-03-24 17:11:09 8148 [Note] InnoDB: Compressed tables use zlib 1.2.3
2019-03-24 17:11:09 8148 [Note] InnoDB: Not using CPU crc32 instructions
2019-03-24 17:11:09 8148 [Note] InnoDB: Initializing buffer pool, size = 128.0M
2019-03-24 17:11:09 8148 [Note] InnoDB: Completed initialization of buffer pool
2019-03-24 17:11:10 8148 [Note] InnoDB: Highest supported file format is Barracuda.
2019-03-24 17:11:10 8148 [Note] InnoDB: The log sequence numbers 1626134 and 1626134 in ibdata files do not match the log sequence number 2248330 in the ib_logfiles!
2019-03-24 17:11:10 8148 [Note] InnoDB: Database was not shutdown normally!
2019-03-24 17:11:10 8148 [Note] InnoDB: Starting crash recovery.
2019-03-24 17:11:10 8148 [Note] InnoDB: Reading tablespace information from the .ibd files...
2019-03-24 17:11:10 8148 [Note] InnoDB: Restoring possible half-written data pages 
2019-03-24 17:11:10 8148 [Note] InnoDB: from the doublewrite buffer...
2019-03-24 17:11:12 8148 [Note] InnoDB: 128 rollback segment(s) are active.
2019-03-24 17:11:12 8148 [Note] InnoDB: Waiting for purge to start
2019-03-24 17:11:12 8148 [Note] InnoDB: 5.6.13 started; log sequence number 2248330
2019-03-24 17:11:12 8148 [Note] Server hostname (bind-address): '*'; port: 3307
2019-03-24 17:11:12 8148 [Note] IPv6 is available.
2019-03-24 17:11:12 8148 [Note]   - '::' resolves to '::';
2019-03-24 17:11:12 8148 [Note] Server socket created on IP: '::'.
