::1 - - [09/Apr/2019:02:03:19 +0600] "GET /phpmyadmin HTTP/1.1" 301 241
::1 - - [09/Apr/2019:02:03:19 +0600] "GET /phpmyadmin/ HTTP/1.1" 200 7945
::1 - - [09/Apr/2019:02:03:21 +0600] "GET /phpmyadmin/js/get_image.js.php?theme=pmahomme HTTP/1.1" 200 6263
::1 - - [09/Apr/2019:02:03:21 +0600] "GET /phpmyadmin/js/get_scripts.js.php?scripts[]=jquery/jquery-1.8.3.js&scripts[]=ajax.js&scripts[]=keyhandler.js&scripts[]=jquery/jquery-ui-1.9.2.custom.js&scripts[]=jquery/jquery.sprintf.js&scripts[]=jquery/jquery.cookie.js&scripts[]=jquery/jquery.mousewheel.js&scripts[]=jquery/jquery.event.drag-2.2.js&scripts[]=jquery/jquery-ui-timepicker-addon.js&scripts[]=jquery/jquery.ba-hashchange-1.3.js&scripts[]=jquery/jquery.debounce-1.0.5.js&scripts[]=jquery/jquery.menuResizer-1.0.js&scripts[]=rte.js&scripts[]=functions.js&scripts[]=navigation.js&scripts[]=indexes.js&scripts[]=common.js&scripts[]=codemirror/lib/codemirror.js&scripts[]=codemirror/mode/mysql/mysql.js HTTP/1.1" 200 578562
::1 - - [09/Apr/2019:02:03:21 +0600] "GET /phpmyadmin/phpmyadmin.css.php?server=1&token=c7725886429aa88a2a5730c094d32b59&nocache=4125195912ltr HTTP/1.1" 200 88608
::1 - - [09/Apr/2019:02:03:21 +0600] "GET /phpmyadmin/js/messages.php?lang=en&db=&server=0&token=c15fbb1875ca1bf1fdaf5252dfcbd93c HTTP/1.1" 200 16674
::1 - - [09/Apr/2019:02:03:22 +0600] "GET /phpmyadmin/themes/pmahomme/img/logo_right.png HTTP/1.1" 200 4548
::1 - - [09/Apr/2019:02:03:23 +0600] "GET /phpmyadmin/themes/pmahomme/img/sprites.png HTTP/1.1" 200 61899
::1 - - [09/Apr/2019:02:03:26 +0600] "POST /phpmyadmin/index.php HTTP/1.1" 302 -
::1 - - [09/Apr/2019:02:03:26 +0600] "GET /phpmyadmin/index.php?token=c7725886429aa88a2a5730c094d32b59 HTTP/1.1" 200 43179
::1 - - [09/Apr/2019:02:03:27 +0600] "GET /phpmyadmin/phpmyadmin.css.php?server=1&token=c7725886429aa88a2a5730c094d32b59&nocache=5679949719ltr HTTP/1.1" 200 88608
::1 - - [09/Apr/2019:02:03:27 +0600] "GET /phpmyadmin/themes/pmahomme/img/logo_left.png HTTP/1.1" 200 2327
::1 - - [09/Apr/2019:02:03:27 +0600] "GET /phpmyadmin/themes/pmahomme/img/ajax_clock_small.gif HTTP/1.1" 200 1810
::1 - - [09/Apr/2019:02:03:27 +0600] "GET /phpmyadmin/js/messages.php?lang=en&db=&server=0&token=c7725886429aa88a2a5730c094d32b59 HTTP/1.1" 200 16674
::1 - - [09/Apr/2019:02:03:27 +0600] "GET /phpmyadmin/themes/pmahomme/img/left_nav_bg.png HTTP/1.1" 200 297
::1 - - [09/Apr/2019:02:03:27 +0600] "GET /phpmyadmin/version_check.php?&_nocache=1554753807989480176 HTTP/1.1" 200 39
::1 - - [09/Apr/2019:02:03:31 +0600] "GET /phpmyadmin/db_structure.php?server=1&db=voiceofbangladesh&token=c7725886429aa88a2a5730c094d32b59&ajax_request=true&ajax_page_request=true&menuHashes=b443127c&_nocache=1554753811668993986 HTTP/1.1" 200 18594
::1 - - [09/Apr/2019:02:03:32 +0600] "GET /phpmyadmin/themes/pmahomme/img/arrow_ltr.png HTTP/1.1" 200 139
::1 - - [09/Apr/2019:02:03:32 +0600] "GET /phpmyadmin/js/get_scripts.js.php?scripts[]=db_structure.js&scripts[]=tbl_change.js HTTP/1.1" 200 12382
::1 - - [09/Apr/2019:02:03:35 +0600] "GET /phpmyadmin/sql.php?db=voiceofbangladesh&token=c7725886429aa88a2a5730c094d32b59&goto=db_structure.php&table=registration&pos=0&ajax_request=true&ajax_page_request=true&menuHashes=b443127c-0e81b5e0&_nocache=1554753815369310738 HTTP/1.1" 200 35427
::1 - - [09/Apr/2019:02:03:36 +0600] "GET /phpmyadmin/themes/pmahomme/img/s_fulltext.png HTTP/1.1" 200 193
::1 - - [09/Apr/2019:02:03:36 +0600] "GET /phpmyadmin/js/get_scripts.js.php?scripts[]=tbl_structure.js&scripts[]=gis_data_editor.js&scripts[]=makegrid.js&scripts[]=sql.js HTTP/1.1" 200 50287
::1 - - [09/Apr/2019:02:03:36 +0600] "GET /phpmyadmin/themes/pmahomme/img/col_pointer.png HTTP/1.1" 200 113
::1 - - [09/Apr/2019:02:03:36 +0600] "GET /phpmyadmin/themes/pmahomme/img/col_drop.png HTTP/1.1" 200 132
::1 - - [09/Apr/2019:02:03:36 +0600] "GET /phpmyadmin/index.php?ajax_request=1&recent_table=1&token=c7725886429aa88a2a5730c094d32b59 HTTP/1.1" 200 242
::1 - - [09/Apr/2019:02:12:23 +0600] "GET /phpmyadmin/index.php?token=c7725886429aa88a2a5730c094d32b59 HTTP/1.1" 200 43276
::1 - - [09/Apr/2019:02:12:24 +0600] "GET /phpmyadmin/sql.php?db=voiceofbangladesh&table=registration&server=1&target=&token=c7725886429aa88a2a5730c094d32b59 HTTP/1.1" 200 44504
::1 - - [09/Apr/2019:02:12:24 +0600] "GET /phpmyadmin/js/get_scripts.js.php?scripts[]=jquery/jquery-1.8.3.js&scripts[]=ajax.js&scripts[]=keyhandler.js&scripts[]=jquery/jquery-ui-1.9.2.custom.js&scripts[]=jquery/jquery.sprintf.js&scripts[]=jquery/jquery.cookie.js&scripts[]=jquery/jquery.mousewheel.js&scripts[]=jquery/jquery.event.drag-2.2.js&scripts[]=jquery/jquery-ui-timepicker-addon.js&scripts[]=jquery/jquery.ba-hashchange-1.3.js&scripts[]=jquery/jquery.debounce-1.0.5.js&scripts[]=jquery/jquery.menuResizer-1.0.js&scripts[]=rte.js&scripts[]=functions.js&scripts[]=navigation.js&scripts[]=indexes.js&scripts[]=common.js&scripts[]=tbl_change.js&scripts[]=tbl_structure.js&scripts[]=gis_data_editor.js&scripts[]=makegrid.js&scripts[]=sql.js&scripts[]=codemirror/lib/codemirror.js&scripts[]=codemirror/mode/mysql/mysql.js HTTP/1.1" 200 635864
::1 - - [09/Apr/2019:02:12:24 +0600] "GET /phpmyadmin/js/messages.php?lang=en&db=voiceofbangladesh&token=c7725886429aa88a2a5730c094d32b59 HTTP/1.1" 200 16674
::1 - - [09/Apr/2019:02:12:25 +0600] "GET /phpmyadmin/index.php?ajax_request=1&recent_table=1&token=c7725886429aa88a2a5730c094d32b59 HTTP/1.1" 200 242
::1 - - [09/Apr/2019:02:12:25 +0600] "GET /phpmyadmin/favicon.ico HTTP/1.1" 200 18902
::1 - - [09/Apr/2019:02:12:31 +0600] "GET /phpmyadmin/db_structure.php?server=1&db=voiceofbangladesh&token=c7725886429aa88a2a5730c094d32b59&ajax_request=true&ajax_page_request=true&menuHashes=ecac101b&_nocache=1554754351828494574 HTTP/1.1" 200 18594
::1 - - [09/Apr/2019:02:12:32 +0600] "GET /phpmyadmin/js/get_scripts.js.php?scripts[]=db_structure.js HTTP/1.1" 200 5367
::1 - - [09/Apr/2019:02:12:34 +0600] "GET /phpmyadmin/sql.php?db=voiceofbangladesh&token=c7725886429aa88a2a5730c094d32b59&goto=db_structure.php&table=user_images&pos=0&ajax_request=true&ajax_page_request=true&menuHashes=ecac101b-0e81b5e0&_nocache=1554754354606161580 HTTP/1.1" 200 35322
::1 - - [09/Apr/2019:02:12:35 +0600] "GET /phpmyadmin/index.php?ajax_request=1&recent_table=1&token=c7725886429aa88a2a5730c094d32b59 HTTP/1.1" 200 392
::1 - - [09/Apr/2019:02:18:01 +0600] "GET /phpmyadmin/db_structure.php?server=1&db=voiceofbangladesh&token=c7725886429aa88a2a5730c094d32b59&ajax_request=true&ajax_page_request=true&menuHashes=ecac101b-0e81b5e0-c02194cf&_nocache=1554754681102994142 HTTP/1.1" 200 15372
::1 - - [09/Apr/2019:02:18:03 +0600] "GET /phpmyadmin/sql.php?db=voiceofbangladesh&token=c7725886429aa88a2a5730c094d32b59&goto=db_structure.php&table=registration&pos=0&ajax_request=true&ajax_page_request=true&menuHashes=ecac101b-0e81b5e0-c02194cf&_nocache=1554754683361780982 HTTP/1.1" 200 35291
::1 - - [09/Apr/2019:02:18:03 +0600] "GET /phpmyadmin/index.php?ajax_request=1&recent_table=1&token=c7725886429aa88a2a5730c094d32b59 HTTP/1.1" 200 392
::1 - - [09/Apr/2019:02:18:26 +0600] "GET /phpmyadmin/themes/pmahomme/jquery/images/ui-bg_flat_75_ffffff_40x100.png HTTP/1.1" 200 178
::1 - - [09/Apr/2019:02:18:26 +0600] "GET /phpmyadmin/themes/pmahomme/jquery/images/ui-icons_222222_256x240.png HTTP/1.1" 200 4369
::1 - - [09/Apr/2019:02:18:26 +0600] "GET /phpmyadmin/themes/pmahomme/jquery/images/ui-bg_highlight-soft_75_cccccc_1x100.png HTTP/1.1" 200 101
::1 - - [09/Apr/2019:02:18:26 +0600] "GET /phpmyadmin/themes/pmahomme/jquery/images/ui-bg_glass_75_e6e6e6_1x400.png HTTP/1.1" 200 110
::1 - - [09/Apr/2019:02:18:26 +0600] "GET /phpmyadmin/themes/pmahomme/jquery/images/ui-bg_flat_0_aaaaaa_40x100.png HTTP/1.1" 200 180
::1 - - [09/Apr/2019:02:18:26 +0600] "GET /phpmyadmin/themes/pmahomme/jquery/images/ui-bg_glass_75_dadada_1x400.png HTTP/1.1" 200 159
::1 - - [09/Apr/2019:02:18:29 +0600] "GET /phpmyadmin/themes/pmahomme/jquery/images/ui-bg_glass_65_ffffff_1x400.png HTTP/1.1" 200 105
::1 - - [09/Apr/2019:02:18:29 +0600] "GET /phpmyadmin/sql.php?db=voiceofbangladesh&table=registration&sql_query=DELETE+FROM+%60voiceofbangladesh%60.%60registration%60+WHERE+%60registration%60.%60NID%60+%3D+%270%27&message_to_show=The+row+has+been+deleted&goto=sql.php%3Fdb%3Dvoiceofbangladesh%26table%3Dregistration%26sql_query%3DSELECT%2B%252A%2BFROM%2B%2560registration%2560%26message_to_show%3DThe%2Brow%2Bhas%2Bbeen%2Bdeleted%26goto%3Dtbl_sql.php%26token%3Dc7725886429aa88a2a5730c094d32b59&token=c7725886429aa88a2a5730c094d32b59&ajax_request=true&is_js_confirmed=true&_nocache=1554754709398692613 HTTP/1.1" 200 2719
